#
# There is insufficient memory for the Java Runtime Environment to continue.
# Native memory allocation (malloc) failed to allocate 109776 bytes for Chunk::new
# Possible reasons:
#   The system is out of physical RAM or swap space
#   In 32 bit mode, the process size limit was hit
# Possible solutions:
#   Reduce memory load on the system
#   Increase physical memory or swap space
#   Check if swap backing store is full
#   Use 64 bit Java on a 64 bit OS
#   Decrease Java heap size (-Xmx/-Xms)
#   Decrease number of Java threads
#   Decrease Java thread stack sizes (-Xss)
#   Set larger code cache with -XX:ReservedCodeCacheSize=
# This output file may be truncated or incomplete.
#
#  Out of Memory Error (allocation.cpp:390), pid=5080, tid=6596
#
# JRE version: Java(TM) SE Runtime Environment (8.0_31-b13) (build 1.8.0_31-b13)
# Java VM: Java HotSpot(TM) 64-Bit Server VM (25.31-b07 mixed mode windows-amd64 compressed oops)
# Failed to write core dump. Minidumps are not enabled by default on client versions of Windows
#

---------------  T H R E A D  ---------------

Current thread (0x0000000008a10000):  JavaThread "C2 CompilerThread1" daemon [_thread_in_native, id=6596, stack(0x000000000a140000,0x000000000a240000)]

Stack: [0x000000000a140000,0x000000000a240000]
Native frames: (J=compiled Java code, j=interpreted, Vv=VM code, C=native code)
V  [jvm.dll+0x3169ba]


Current CompileTask:
C2:  46794 7399       4       com.sun.org.apache.xerces.internal.dom.CoreDocumentImpl::setUserData (175 bytes)


---------------  P R O C E S S  ---------------

Java Threads: ( => current thread )
  0x000000001f428000 JavaThread "stdout" daemon [_thread_blocked, id=8468, stack(0x0000000023630000,0x0000000023730000)]
  0x000000001f42c800 JavaThread "stderr" daemon [_thread_blocked, id=2624, stack(0x0000000023530000,0x0000000023630000)]
  0x000000001f42e000 JavaThread "pool-4-thread-1" [_thread_blocked, id=8480, stack(0x00000000230d0000,0x00000000231d0000)]
  0x000000001f42a000 JavaThread "png-cruncher_5" daemon [_thread_blocked, id=5304, stack(0x0000000022fd0000,0x00000000230d0000)]
  0x000000001f422800 JavaThread "png-cruncher_4" daemon [_thread_blocked, id=8836, stack(0x0000000022ed0000,0x0000000022fd0000)]
  0x000000001f425800 JavaThread "png-cruncher_3" daemon [_thread_in_native, id=2880, stack(0x0000000022dd0000,0x0000000022ed0000)]
  0x000000001f427000 JavaThread "png-cruncher_2" daemon [_thread_blocked, id=7180, stack(0x0000000022cd0000,0x0000000022dd0000)]
  0x000000001f428800 JavaThread "png-cruncher_1" daemon [_thread_blocked, id=9444, stack(0x0000000022bd0000,0x0000000022cd0000)]
  0x000000001f429800 JavaThread "pool-3-thread-4" [_thread_blocked, id=8176, stack(0x00000000229d0000,0x0000000022ad0000)]
  0x000000001f425000 JavaThread "pool-3-thread-3" [_thread_blocked, id=3440, stack(0x00000000228d0000,0x00000000229d0000)]
  0x000000001f424000 JavaThread "pool-3-thread-2" [_thread_blocked, id=2288, stack(0x00000000227d0000,0x00000000228d0000)]
  0x000000001f426800 JavaThread "pool-3-thread-1" [_thread_blocked, id=2736, stack(0x00000000226d0000,0x00000000227d0000)]
  0x000000000db13800 JavaThread "pool-2-thread-1" [_thread_blocked, id=8352, stack(0x000000000eeb0000,0x000000000efb0000)]
  0x000000000d7bc800 JavaThread "File lock request listener" [_thread_in_native, id=8272, stack(0x000000000ebb0000,0x000000000ecb0000)]
  0x000000000b7c2000 JavaThread "Stdin handler" [_thread_blocked, id=1984, stack(0x000000000cee0000,0x000000000cfe0000)]
  0x000000000b83a000 JavaThread "Asynchronous log dispatcher for org.gradle.launcher.daemon.server.DefaultDaemonConnection@76d756fe" [_thread_blocked, id=644, stack(0x000000000cde0000,0x000000000cee0000)]
  0x000000000b570000 JavaThread "Daemon worker" [_thread_in_Java, id=4576, stack(0x000000000cce0000,0x000000000cde0000)]
  0x000000000b56e000 JavaThread "Cancel handler" [_thread_blocked, id=5376, stack(0x000000000cbe0000,0x000000000cce0000)]
  0x000000000b568800 JavaThread "Handler for socket connection from /127.0.0.1:58373 to /127.0.0.1:58375" [_thread_in_native, id=7608, stack(0x000000000cae0000,0x000000000cbe0000)]
  0x000000000b57a000 JavaThread "Daemon" [_thread_blocked, id=9536, stack(0x000000000c9e0000,0x000000000cae0000)]
  0x000000000b6d3000 JavaThread "Incoming local TCP Connector on port 58373" [_thread_in_native, id=6016, stack(0x000000000c2e0000,0x000000000c3e0000)]
  0x000000000b424800 JavaThread "pool-1-thread-1" [_thread_blocked, id=6516, stack(0x000000000c1e0000,0x000000000c2e0000)]
  0x0000000008a6b000 JavaThread "Service Thread" daemon [_thread_blocked, id=2484, stack(0x000000000a340000,0x000000000a440000)]
  0x0000000008a64000 JavaThread "C1 CompilerThread2" daemon [_thread_blocked, id=7200, stack(0x000000000a240000,0x000000000a340000)]
=>0x0000000008a10000 JavaThread "C2 CompilerThread1" daemon [_thread_in_native, id=6596, stack(0x000000000a140000,0x000000000a240000)]
  0x0000000008a0d800 JavaThread "C2 CompilerThread0" daemon [_thread_blocked, id=8092, stack(0x000000000a040000,0x000000000a140000)]
  0x0000000008a0c000 JavaThread "Attach Listener" daemon [_thread_blocked, id=1552, stack(0x0000000009f40000,0x000000000a040000)]
  0x0000000008a0a800 JavaThread "Signal Dispatcher" daemon [_thread_blocked, id=7568, stack(0x0000000009e40000,0x0000000009f40000)]
  0x0000000002de0800 JavaThread "Finalizer" daemon [_thread_blocked, id=8388, stack(0x0000000009c90000,0x0000000009d90000)]
  0x0000000002ddd800 JavaThread "Reference Handler" daemon [_thread_blocked, id=1472, stack(0x0000000009b90000,0x0000000009c90000)]
  0x0000000002bee000 JavaThread "main" [_thread_blocked, id=6036, stack(0x0000000002bf0000,0x0000000002cf0000)]

Other Threads:
  0x00000000089d5800 VMThread [stack: 0x0000000009a90000,0x0000000009b90000] [id=4560]
  0x0000000008a6e000 WatcherThread [stack: 0x000000000a440000,0x000000000a540000] [id=2232]

VM state:synchronizing (normal execution)

VM Mutex/Monitor currently owned by a thread:  ([mutex/lock_event])
[0x0000000002beccc0] Safepoint_lock - owner thread: 0x00000000089d5800
[0x0000000002bed5c0] Threads_lock - owner thread: 0x00000000089d5800

Heap:
 PSYoungGen      total 149504K, used 39550K [0x00000000d5580000, 0x00000000df480000, 0x0000000100000000)
  eden space 138240K, 20% used [0x00000000d5580000,0x00000000d711f9d8,0x00000000ddc80000)
  from space 11264K, 100% used [0x00000000de780000,0x00000000df280000,0x00000000df280000)
  to   space 11264K, 0% used [0x00000000ddc80000,0x00000000ddc80000,0x00000000de780000)
 ParOldGen       total 97280K, used 28739K [0x0000000080000000, 0x0000000085f00000, 0x00000000d5580000)
  object space 97280K, 29% used [0x0000000080000000,0x0000000081c10d20,0x0000000085f00000)
 Metaspace       used 50620K, capacity 51944K, committed 51968K, reserved 1093632K
  class space    used 6885K, capacity 7149K, committed 7168K, reserved 1048576K

Card table byte_map: [0x00000000031b0000,0x00000000035c0000] byte_map_base: 0x0000000002db0000

Marking Bits: (ParMarkBitMap*) 0x0000000050e0d4f0
 Begin Bits: [0x0000000003c70000, 0x0000000005c70000)
 End Bits:   [0x0000000005c70000, 0x0000000007c70000)

Polling page: 0x0000000000d30000

CodeCache: size=245760Kb used=21724Kb max_used=22188Kb free=224035Kb
 bounds [0x000000000f010000, 0x00000000105e0000, 0x000000001e010000]
 total_blobs=7243 nmethods=6538 adapters=617
 compilation: enabled

Compilation events (10 events):
Event: 46.596 Thread 0x0000000008a64000 nmethod 7395 0x000000000f543e90 code [0x000000000f544040, 0x000000000f5445a8]
Event: 46.599 Thread 0x0000000008a0d800 nmethod 7393 0x000000000f3f4990 code [0x000000000f3f4b60, 0x000000000f3f5710]
Event: 46.614 Thread 0x0000000008a10000 7396       4       com.sun.org.apache.xerces.internal.dom.ElementNSImpl::getLocalName (16 bytes)
Event: 46.615 Thread 0x0000000008a10000 nmethod 7396 0x000000001055b650 code [0x000000001055b780, 0x000000001055b818]
Event: 46.666 Thread 0x0000000008a64000 7397       3       com.google.common.util.concurrent.AbstractFuture$Sync::complete (67 bytes)
Event: 46.667 Thread 0x0000000008a64000 nmethod 7397 0x000000000f57d7d0 code [0x000000000f57d9a0, 0x000000000f57e4c8]
Event: 46.669 Thread 0x0000000008a0d800 7398       4       com.sun.org.apache.xerces.internal.dom.NodeImpl::setUserData (12 bytes)
Event: 46.669 Thread 0x0000000008a10000 7399       4       com.sun.org.apache.xerces.internal.dom.CoreDocumentImpl::setUserData (175 bytes)
Event: 46.680 Thread 0x0000000008a64000 7401       3       com.google.common.cache.LocalCache$Segment::drainRecencyQueue (45 bytes)
Event: 46.681 Thread 0x0000000008a64000 nmethod 7401 0x000000000f2be650 code [0x000000000f2be800, 0x000000000f2bee08]

GC Heap History (10 events):
Event: 19.736 GC heap before
{Heap before GC invocations=8 (full 1):
 PSYoungGen      total 101888K, used 99087K [0x00000000d5580000, 0x00000000dc500000, 0x0000000100000000)
  eden space 93696K, 100% used [0x00000000d5580000,0x00000000db100000,0x00000000db100000)
  from space 8192K, 65% used [0x00000000dbd00000,0x00000000dc243c60,0x00000000dc500000)
  to   space 10240K, 0% used [0x00000000db100000,0x00000000db100000,0x00000000dbb00000)
 ParOldGen       total 64512K, used 10602K [0x0000000080000000, 0x0000000083f00000, 0x00000000d5580000)
  object space 64512K, 16% used [0x0000000080000000,0x0000000080a5ab30,0x0000000083f00000)
 Metaspace       used 32975K, capacity 33540K, committed 33920K, reserved 1079296K
  class space    used 4531K, capacity 4696K, committed 4736K, reserved 1048576K
Event: 19.800 GC heap after
Heap after GC invocations=8 (full 1):
 PSYoungGen      total 103936K, used 10044K [0x00000000d5580000, 0x00000000df280000, 0x0000000100000000)
  eden space 93696K, 0% used [0x00000000d5580000,0x00000000d5580000,0x00000000db100000)
  from space 10240K, 98% used [0x00000000db100000,0x00000000dbacf198,0x00000000dbb00000)
  to   space 11264K, 0% used [0x00000000de780000,0x00000000de780000,0x00000000df280000)
 ParOldGen       total 64512K, used 10610K [0x0000000080000000, 0x0000000083f00000, 0x00000000d5580000)
  object space 64512K, 16% used [0x0000000080000000,0x0000000080a5cb30,0x0000000083f00000)
 Metaspace       used 32975K, capacity 33540K, committed 33920K, reserved 1079296K
  class space    used 4531K, capacity 4696K, committed 4736K, reserved 1048576K
}
Event: 20.571 GC heap before
{Heap before GC invocations=9 (full 1):
 PSYoungGen      total 103936K, used 27537K [0x00000000d5580000, 0x00000000df280000, 0x0000000100000000)
  eden space 93696K, 18% used [0x00000000d5580000,0x00000000d6695420,0x00000000db100000)
  from space 10240K, 98% used [0x00000000db100000,0x00000000dbacf198,0x00000000dbb00000)
  to   space 11264K, 0% used [0x00000000de780000,0x00000000de780000,0x00000000df280000)
 ParOldGen       total 64512K, used 10610K [0x0000000080000000, 0x0000000083f00000, 0x00000000d5580000)
  object space 64512K, 16% used [0x0000000080000000,0x0000000080a5cb30,0x0000000083f00000)
 Metaspace       used 34599K, capacity 35176K, committed 35456K, reserved 1079296K
  class space    used 4753K, capacity 4894K, committed 4992K, reserved 1048576K
Event: 20.581 GC heap after
Heap after GC invocations=9 (full 1):
 PSYoungGen      total 149504K, used 7948K [0x00000000d5580000, 0x00000000df480000, 0x0000000100000000)
  eden space 138240K, 0% used [0x00000000d5580000,0x00000000d5580000,0x00000000ddc80000)
  from space 11264K, 70% used [0x00000000de780000,0x00000000def43098,0x00000000df280000)
  to   space 11264K, 0% used [0x00000000ddc80000,0x00000000ddc80000,0x00000000de780000)
 ParOldGen       total 64512K, used 10682K [0x0000000080000000, 0x0000000083f00000, 0x00000000d5580000)
  object space 64512K, 16% used [0x0000000080000000,0x0000000080a6eb40,0x0000000083f00000)
 Metaspace       used 34599K, capacity 35176K, committed 35456K, reserved 1079296K
  class space    used 4753K, capacity 4894K, committed 4992K, reserved 1048576K
}
Event: 20.581 GC heap before
{Heap before GC invocations=10 (full 2):
 PSYoungGen      total 149504K, used 7948K [0x00000000d5580000, 0x00000000df480000, 0x0000000100000000)
  eden space 138240K, 0% used [0x00000000d5580000,0x00000000d5580000,0x00000000ddc80000)
  from space 11264K, 70% used [0x00000000de780000,0x00000000def43098,0x00000000df280000)
  to   space 11264K, 0% used [0x00000000ddc80000,0x00000000ddc80000,0x00000000de780000)
 ParOldGen       total 64512K, used 10682K [0x0000000080000000, 0x0000000083f00000, 0x00000000d5580000)
  object space 64512K, 16% used [0x0000000080000000,0x0000000080a6eb40,0x0000000083f00000)
 Metaspace       used 34599K, capacity 35176K, committed 35456K, reserved 1079296K
  class space    used 4753K, capacity 4894K, committed 4992K, reserved 1048576K
Event: 20.729 GC heap after
Heap after GC invocations=10 (full 2):
 PSYoungGen      total 149504K, used 0K [0x00000000d5580000, 0x00000000df480000, 0x0000000100000000)
  eden space 138240K, 0% used [0x00000000d5580000,0x00000000d5580000,0x00000000ddc80000)
  from space 11264K, 0% used [0x00000000de780000,0x00000000de780000,0x00000000df280000)
  to   space 11264K, 0% used [0x00000000ddc80000,0x00000000ddc80000,0x00000000de780000)
 ParOldGen       total 97280K, used 14791K [0x0000000080000000, 0x0000000085f00000, 0x00000000d5580000)
  object space 97280K, 15% used [0x0000000080000000,0x0000000080e71c98,0x0000000085f00000)
 Metaspace       used 34599K, capacity 35176K, committed 35456K, reserved 1079296K
  class space    used 4753K, capacity 4894K, committed 4992K, reserved 1048576K
}
Event: 29.290 GC heap before
{Heap before GC invocations=11 (full 2):
 PSYoungGen      total 149504K, used 138240K [0x00000000d5580000, 0x00000000df480000, 0x0000000100000000)
  eden space 138240K, 100% used [0x00000000d5580000,0x00000000ddc80000,0x00000000ddc80000)
  from space 11264K, 0% used [0x00000000de780000,0x00000000de780000,0x00000000df280000)
  to   space 11264K, 0% used [0x00000000ddc80000,0x00000000ddc80000,0x00000000de780000)
 ParOldGen       total 97280K, used 14791K [0x0000000080000000, 0x0000000085f00000, 0x00000000d5580000)
  object space 97280K, 15% used [0x0000000080000000,0x0000000080e71c98,0x0000000085f00000)
 Metaspace       used 44025K, capacity 45106K, committed 45312K, reserved 1087488K
  class space    used 6047K, capacity 6274K, committed 6400K, reserved 1048576K
Event: 29.307 GC heap after
Heap after GC invocations=11 (full 2):
 PSYoungGen      total 149504K, used 11245K [0x00000000d5580000, 0x00000000df480000, 0x0000000100000000)
  eden space 138240K, 0% used [0x00000000d5580000,0x00000000d5580000,0x00000000ddc80000)
  from space 11264K, 99% used [0x00000000ddc80000,0x00000000de77b7d8,0x00000000de780000)
  to   space 11264K, 0% used [0x00000000de780000,0x00000000de780000,0x00000000df280000)
 ParOldGen       total 97280K, used 16675K [0x0000000080000000, 0x0000000085f00000, 0x00000000d5580000)
  object space 97280K, 17% used [0x0000000080000000,0x0000000081048c98,0x0000000085f00000)
 Metaspace       used 44025K, capacity 45106K, committed 45312K, reserved 1087488K
  class space    used 6047K, capacity 6274K, committed 6400K, reserved 1048576K
}
Event: 43.797 GC heap before
{Heap before GC invocations=12 (full 2):
 PSYoungGen      total 149504K, used 149485K [0x00000000d5580000, 0x00000000df480000, 0x0000000100000000)
  eden space 138240K, 100% used [0x00000000d5580000,0x00000000ddc80000,0x00000000ddc80000)
  from space 11264K, 99% used [0x00000000ddc80000,0x00000000de77b7d8,0x00000000de780000)
  to   space 11264K, 0% used [0x00000000de780000,0x00000000de780000,0x00000000df280000)
 ParOldGen       total 97280K, used 16675K [0x0000000080000000, 0x0000000085f00000, 0x00000000d5580000)
  object space 97280K, 17% used [0x0000000080000000,0x0000000081048c98,0x0000000085f00000)
 Metaspace       used 50082K, capacity 51294K, committed 51456K, reserved 1093632K
  class space    used 6814K, capacity 7090K, committed 7168K, reserved 1048576K
Event: 43.861 GC heap after
Heap after GC invocations=12 (full 2):
 PSYoungGen      total 149504K, used 11264K [0x00000000d5580000, 0x00000000df480000, 0x0000000100000000)
  eden space 138240K, 0% used [0x00000000d5580000,0x00000000d5580000,0x00000000ddc80000)
  from space 11264K, 100% used [0x00000000de780000,0x00000000df280000,0x00000000df280000)
  to   space 11264K, 0% used [0x00000000ddc80000,0x00000000ddc80000,0x00000000de780000)
 ParOldGen       total 97280K, used 28739K [0x0000000080000000, 0x0000000085f00000, 0x00000000d5580000)
  object space 97280K, 29% used [0x0000000080000000,0x0000000081c10d20,0x0000000085f00000)
 Metaspace       used 50082K, capacity 51294K, committed 51456K, reserved 1093632K
  class space    used 6814K, capacity 7090K, committed 7168K, reserved 1048576K
}

Deoptimization events (10 events):
Event: 44.153 Thread 0x000000000b570000 Uncommon trap: reason=bimorphic action=maybe_recompile pc=0x000000001044ab2c method=com.sun.org.apache.xerces.internal.dom.NodeImpl.changed()V @ 1
Event: 44.153 Thread 0x000000000b570000 Uncommon trap: reason=bimorphic action=maybe_recompile pc=0x000000001048358c method=com.sun.org.apache.xerces.internal.dom.CoreDocumentImpl.isKidOK(Lorg/w3c/dom/Node;Lorg/w3c/dom/Node;)Z @ 39
Event: 44.153 Thread 0x000000000b570000 Uncommon trap: reason=bimorphic action=maybe_recompile pc=0x000000001044ab2c method=com.sun.org.apache.xerces.internal.dom.NodeImpl.changed()V @ 1
Event: 44.153 Thread 0x000000000b570000 Uncommon trap: reason=bimorphic action=maybe_recompile pc=0x000000001048358c method=com.sun.org.apache.xerces.internal.dom.CoreDocumentImpl.isKidOK(Lorg/w3c/dom/Node;Lorg/w3c/dom/Node;)Z @ 39
Event: 44.153 Thread 0x000000000b570000 Uncommon trap: reason=bimorphic action=maybe_recompile pc=0x000000001044ab2c method=com.sun.org.apache.xerces.internal.dom.NodeImpl.changed()V @ 1
Event: 44.153 Thread 0x000000000b570000 Uncommon trap: reason=bimorphic action=maybe_recompile pc=0x000000001048358c method=com.sun.org.apache.xerces.internal.dom.CoreDocumentImpl.isKidOK(Lorg/w3c/dom/Node;Lorg/w3c/dom/Node;)Z @ 39
Event: 44.153 Thread 0x000000000b570000 Uncommon trap: reason=bimorphic action=maybe_recompile pc=0x000000001044ab2c method=com.sun.org.apache.xerces.internal.dom.NodeImpl.changed()V @ 1
Event: 44.588 Thread 0x000000001f424000 Uncommon trap: reason=class_check action=maybe_recompile pc=0x000000000f1af644 method=java.util.concurrent.ConcurrentHashMap.putVal(Ljava/lang/Object;Ljava/lang/Object;Z)Ljava/lang/Object; @ 192
Event: 44.643 Thread 0x000000001f424000 Uncommon trap: reason=class_check action=maybe_recompile pc=0x000000000f1af644 method=java.util.concurrent.ConcurrentHashMap.putVal(Ljava/lang/Object;Ljava/lang/Object;Z)Ljava/lang/Object; @ 192
Event: 44.943 Thread 0x000000000b570000 Uncommon trap: reason=null_check action=make_not_entrant pc=0x00000000105b3740 method=com.android.ide.common.res2.NodeUtils.processSingleNodeNamespace(Lorg/w3c/dom/Node;Lorg/w3c/dom/Document;)Z @ 8

Internal exceptions (10 events):
Event: 44.694 Thread 0x000000000b570000 Exception <a 'java/security/PrivilegedActionException'> (0x00000000d6436798) thrown at [C:\workspace\8-2-build-windows-amd64-cygwin\jdk8u31\2394\hotspot\src\share\vm\prims\jvm.cpp, line 1312]
Event: 44.694 Thread 0x000000000b570000 Exception <a 'java/security/PrivilegedActionException'> (0x00000000d643ff20) thrown at [C:\workspace\8-2-build-windows-amd64-cygwin\jdk8u31\2394\hotspot\src\share\vm\prims\jvm.cpp, line 1312]
Event: 44.943 Thread 0x000000000b570000 Implicit null exception at 0x00000000105b3617 to 0x00000000105b3733
Event: 45.776 Thread 0x000000001f42a000 Exception <a 'java/security/PrivilegedActionException'> (0x00000000d67047f8) thrown at [C:\workspace\8-2-build-windows-amd64-cygwin\jdk8u31\2394\hotspot\src\share\vm\prims\jvm.cpp, line 1312]
Event: 45.776 Thread 0x000000001f42a000 Exception <a 'java/security/PrivilegedActionException'> (0x00000000d670d328) thrown at [C:\workspace\8-2-build-windows-amd64-cygwin\jdk8u31\2394\hotspot\src\share\vm\prims\jvm.cpp, line 1312]
Event: 45.777 Thread 0x000000001f42a000 Exception <a 'java/security/PrivilegedActionException'> (0x00000000d6711550) thrown at [C:\workspace\8-2-build-windows-amd64-cygwin\jdk8u31\2394\hotspot\src\share\vm\prims\jvm.cpp, line 1312]
Event: 45.778 Thread 0x000000001f42a000 Exception <a 'java/security/PrivilegedActionException'> (0x00000000d6716ea0) thrown at [C:\workspace\8-2-build-windows-amd64-cygwin\jdk8u31\2394\hotspot\src\share\vm\prims\jvm.cpp, line 1312]
Event: 45.779 Thread 0x000000001f42a000 Exception <a 'java/security/PrivilegedActionException'> (0x00000000d671b6a8) thrown at [C:\workspace\8-2-build-windows-amd64-cygwin\jdk8u31\2394\hotspot\src\share\vm\prims\jvm.cpp, line 1312]
Event: 45.779 Thread 0x000000001f42a000 Exception <a 'java/security/PrivilegedActionException'> (0x00000000d671fd68) thrown at [C:\workspace\8-2-build-windows-amd64-cygwin\jdk8u31\2394\hotspot\src\share\vm\prims\jvm.cpp, line 1312]
Event: 45.780 Thread 0x000000001f42a000 Exception <a 'java/security/PrivilegedActionException'> (0x00000000d6724a38) thrown at [C:\workspace\8-2-build-windows-amd64-cygwin\jdk8u31\2394\hotspot\src\share\vm\prims\jvm.cpp, line 1312]

Events (10 events):
Event: 46.255 Thread 0x0000000008a10000 flushing nmethod 0x000000000fe21910
Event: 46.306 Thread 0x0000000008a64000 flushing nmethod 0x000000000fe73a90
Event: 46.306 Thread 0x0000000008a64000 flushing nmethod 0x000000000fe8ed90
Event: 46.306 Thread 0x0000000008a64000 flushing nmethod 0x000000000fe90010
Event: 46.306 Thread 0x0000000008a64000 flushing nmethod 0x000000000feedc10
Event: 46.306 Thread 0x0000000008a64000 flushing nmethod 0x000000000ff10910
Event: 46.306 Thread 0x0000000008a64000 flushing nmethod 0x000000000ff30890
Event: 46.308 Thread 0x0000000008a64000 flushing nmethod 0x000000000ffee290
Event: 46.494 Thread 0x000000001f42c800 Thread added: 0x000000001f42c800
Event: 46.494 Thread 0x000000001f428000 Thread added: 0x000000001f428000


Dynamic libraries:
0x00007ff7874a0000 - 0x00007ff7874d4000 	C:\Program Files\Java\jdk1.8.0_31\bin\java.exe
0x00007ffad2730000 - 0x00007ffad2901000 	C:\WINDOWS\SYSTEM32\ntdll.dll
0x00007ffad08d0000 - 0x00007ffad097b000 	C:\WINDOWS\System32\KERNEL32.DLL
0x00007ffacf7d0000 - 0x00007ffacf9ed000 	C:\WINDOWS\System32\KERNELBASE.dll
0x00007ffad2520000 - 0x00007ffad25c2000 	C:\WINDOWS\System32\ADVAPI32.dll
0x00007ffad0e20000 - 0x00007ffad0ebe000 	C:\WINDOWS\System32\msvcrt.dll
0x00007ffad25d0000 - 0x00007ffad2629000 	C:\WINDOWS\System32\sechost.dll
0x00007ffacfee0000 - 0x00007ffad0001000 	C:\WINDOWS\System32\RPCRT4.dll
0x00007ffacfd00000 - 0x00007ffacfe65000 	C:\WINDOWS\System32\USER32.dll
0x00007ffaceeb0000 - 0x00007ffaceece000 	C:\WINDOWS\System32\win32u.dll
0x00007ffad0400000 - 0x00007ffad0434000 	C:\WINDOWS\System32\GDI32.dll
0x00007ffaced20000 - 0x00007ffaceea2000 	C:\WINDOWS\System32\gdi32full.dll
0x00007ffac9970000 - 0x00007ffac9be9000 	C:\WINDOWS\WinSxS\amd64_microsoft.windows.common-controls_6595b64144ccf1df_6.0.14393.0_none_2d0f50fcbdb171b8\COMCTL32.dll
0x00007ffad0440000 - 0x00007ffad0707000 	C:\WINDOWS\System32\combase.dll
0x00007ffacec20000 - 0x00007ffaced15000 	C:\WINDOWS\System32\ucrtbase.dll
0x00007ffacefd0000 - 0x00007ffacf03a000 	C:\WINDOWS\System32\bcryptPrimitives.dll
0x00007ffacfcd0000 - 0x00007ffacfcfe000 	C:\WINDOWS\System32\IMM32.DLL
0x00007ffacea90000 - 0x00007ffaceac1000 	C:\Windows\system32\nvinitx.dll
0x00007ffacea80000 - 0x00007ffacea8a000 	C:\WINDOWS\SYSTEM32\VERSION.dll
0x000000000f000000 - 0x000000000f006000 	C:\Program Files\NVIDIA Corporation\CoProcManager\_etoured.dll
0x00007ffaca1f0000 - 0x00007ffaca222000 	C:\Program Files\NVIDIA Corporation\CoProcManager\nvd3d9wrapx.dll
0x00007ffad0980000 - 0x00007ffad0da9000 	C:\WINDOWS\System32\SETUPAPI.dll
0x00007ffacfc70000 - 0x00007ffacfcb2000 	C:\WINDOWS\System32\cfgmgr32.dll
0x00007ffaca170000 - 0x00007ffaca192000 	C:\Program Files\NVIDIA Corporation\CoProcManager\nvdxgiwrapx.dll
0x0000000050e90000 - 0x0000000050f62000 	C:\Program Files\Java\jdk1.8.0_31\jre\bin\msvcr100.dll
0x0000000050630000 - 0x0000000050e8a000 	C:\Program Files\Java\jdk1.8.0_31\jre\bin\server\jvm.dll
0x00007ffad0ec0000 - 0x00007ffad0ec8000 	C:\WINDOWS\System32\PSAPI.DLL
0x00007ffaba780000 - 0x00007ffaba789000 	C:\WINDOWS\SYSTEM32\WSOCK32.dll
0x00007ffacfe70000 - 0x00007ffacfeda000 	C:\WINDOWS\System32\WS2_32.dll
0x00007ffacd050000 - 0x00007ffacd073000 	C:\WINDOWS\SYSTEM32\WINMM.dll
0x00007ffacd020000 - 0x00007ffacd04b000 	C:\WINDOWS\SYSTEM32\WINMMBASE.dll
0x0000000051c00000 - 0x0000000051c0f000 	C:\Program Files\Java\jdk1.8.0_31\jre\bin\verify.dll
0x0000000050600000 - 0x0000000050628000 	C:\Program Files\Java\jdk1.8.0_31\jre\bin\java.dll
0x00000000505e0000 - 0x00000000505f6000 	C:\Program Files\Java\jdk1.8.0_31\jre\bin\zip.dll
0x00007ffad0ff0000 - 0x00007ffad24f8000 	C:\WINDOWS\System32\SHELL32.dll
0x00007ffacf040000 - 0x00007ffacf71a000 	C:\WINDOWS\System32\windows.storage.dll
0x00007ffacebc0000 - 0x00007ffacec0c000 	C:\WINDOWS\System32\powrprof.dll
0x00007ffad03a0000 - 0x00007ffad03f2000 	C:\WINDOWS\System32\shlwapi.dll
0x00007ffaceb90000 - 0x00007ffaceb9f000 	C:\WINDOWS\System32\kernel.appcore.dll
0x0000000009d90000 - 0x0000000009e39000 	C:\WINDOWS\System32\shcore.dll
0x00007ffaceba0000 - 0x00007ffacebb4000 	C:\WINDOWS\System32\profapi.dll
0x00000000505c0000 - 0x00000000505da000 	C:\Program Files\Java\jdk1.8.0_31\jre\bin\net.dll
0x00007fface290000 - 0x00007fface2ec000 	C:\WINDOWS\system32\mswsock.dll
0x00000000505a0000 - 0x00000000505b1000 	C:\Program Files\Java\jdk1.8.0_31\jre\bin\nio.dll
0x00007ffac6660000 - 0x00007ffac6672000 	C:\Users\herbi\.gradle\native\19\windows-amd64\native-platform.dll
0x00007fface5b0000 - 0x00007fface5c7000 	C:\WINDOWS\SYSTEM32\CRYPTSP.dll
0x00007fface490000 - 0x00007fface4c3000 	C:\WINDOWS\system32\rsaenh.dll
0x00007ffacead0000 - 0x00007ffaceafb000 	C:\WINDOWS\SYSTEM32\bcrypt.dll
0x00007fface110000 - 0x00007fface12f000 	C:\WINDOWS\SYSTEM32\USERENV.dll
0x00007fface5d0000 - 0x00007fface5db000 	C:\WINDOWS\SYSTEM32\CRYPTBASE.dll
0x00007fface020000 - 0x00007fface058000 	C:\WINDOWS\SYSTEM32\IPHLPAPI.DLL
0x00007ffad0010000 - 0x00007ffad0018000 	C:\WINDOWS\System32\NSI.dll
0x00007ffaca140000 - 0x00007ffaca156000 	C:\WINDOWS\SYSTEM32\dhcpcsvc6.DLL
0x00007ffaca0d0000 - 0x00007ffaca0ea000 	C:\WINDOWS\SYSTEM32\dhcpcsvc.DLL
0x0000000051bf0000 - 0x0000000051bfd000 	C:\Program Files\Java\jdk1.8.0_31\jre\bin\management.dll
0x00007ffabfcd0000 - 0x00007ffabfe62000 	C:\WINDOWS\SYSTEM32\dbghelp.dll

VM Arguments:
jvm_args: -XX:MaxPermSize=512m -XX:+HeapDumpOnOutOfMemoryError -Xmx2048m -Dfile.encoding=UTF-8 -Duser.country=BR -Duser.language=pt -Duser.variant 
java_command: org.gradle.launcher.daemon.bootstrap.GradleDaemon 2.14.1
java_class_path (initial): C:\Program Files\Android\Android Studio\gradle\gradle-2.14.1\lib\gradle-launcher-2.14.1.jar
Launcher Type: SUN_STANDARD

Environment Variables:
PATH=C:\ProgramData\Oracle\Java\javapath;C:\WINDOWS\system32;C:\WINDOWS;C:\WINDOWS\System32\Wbem;C:\WINDOWS\System32\WindowsPowerShell\v1.0\;C:\WINDOWS\system32\config\systemprofile\.dnx\bin;C:\Program Files\Microsoft DNX\Dnvm\;C:\Program Files\Microsoft SQL Server\130\Tools\Binn\;C:\Program Files\Git\cmd;C:\Program Files\Microsoft SQL Server\120\Tools\Binn\;C:\Users\herbi\AppData\Local\Microsoft\WindowsApps;
USERNAME=herbi
OS=Windows_NT
PROCESSOR_IDENTIFIER=Intel64 Family 6 Model 58 Stepping 9, GenuineIntel



---------------  S Y S T E M  ---------------

OS: Windows 8.1 , 64 bit Build 9600 

CPU:total 4 (2 cores per cpu, 2 threads per core) family 6 model 58 stepping 9, cmov, cx8, fxsr, mmx, sse, sse2, sse3, ssse3, sse4.1, sse4.2, popcnt, avx, clmul, erms, ht, tsc, tscinvbit, tscinv

Memory: 4k page, physical 8261728k(970296k free), swap 8261728k(1492k free)

vm_info: Java HotSpot(TM) 64-Bit Server VM (25.31-b07) for windows-amd64 JRE (1.8.0_31-b13), built on Dec 17 2014 21:00:28 by "java_re" with MS VC++ 10.0 (VS2010)

time: Fri Oct 28 20:54:23 2016
elapsed time: 46 seconds (0d 0h 0m 46s)

